{"level":30,"time":1748390400053,"pid":172,"msg":"Checking for updates..."}
{"level":30,"time":1748390400271,"pid":172,"msg":"Update available: 6.4.2 -> 6.5.4"}
{"level":30,"time":1748394000026,"pid":172,"msg":"Checking for updates..."}
{"level":30,"time":1748394000212,"pid":172,"msg":"Update available: 6.4.2 -> 6.5.4"}
{"level":30,"time":1748399601928,"pid":172,"msg":"Checking for updates..."}
{"level":30,"time":1748399602413,"pid":172,"msg":"Update available: 6.4.2 -> 6.5.4"}
{"level":30,"time":1748404562706,"pid":172,"msg":"Checking for updates..."}
{"level":30,"time":1748404563448,"pid":172,"msg":"Update available: 6.4.2 -> 6.5.4"}
{"level":30,"time":1748426340722,"pid":172,"msg":"Checking for updates..."}
{"level":50,"time":1748426341627,"pid":172,"msg":"Unhandled Rejection:"}
{"level":50,"time":1748426341634,"pid":172,"err":{"type":"TypeError","message":"fetch failed: getaddrinfo ENOTFOUND api.github.com","stack":"TypeError: fetch failed\n    at node:internal/deps/undici/undici:12502:13\n    at process.processTicksAndRejections (node:internal/process/task_queues:95:5)\n    at async checkForUpdates (file:///app/packages/backend/dist/utils/UpdateCheck.js:38:17)\ncaused by: Error: getaddrinfo ENOTFOUND api.github.com\n    at GetAddrInfoReqWrap.onlookupall [as oncomplete] (node:dns:120:26)"},"msg":"fetch failed"}
{"level":30,"time":1748426341863,"pid":172,"msg":"Checking for updates..."}
{"level":30,"time":1748426341991,"pid":172,"msg":"Checking for updates..."}
{"level":50,"time":1748426342007,"pid":172,"msg":"Unhandled Rejection:"}
{"level":50,"time":1748426342008,"pid":172,"err":{"type":"TypeError","message":"fetch failed: getaddrinfo ENOTFOUND api.github.com","stack":"TypeError: fetch failed\n    at node:internal/deps/undici/undici:12502:13\n    at process.processTicksAndRejections (node:internal/process/task_queues:95:5)\n    at async checkForUpdates (file:///app/packages/backend/dist/utils/UpdateCheck.js:38:17)\ncaused by: Error: getaddrinfo ENOTFOUND api.github.com\n    at GetAddrInfoReqWrap.onlookupall [as oncomplete] (node:dns:120:26)"},"msg":"fetch failed"}
{"level":50,"time":1748426342110,"pid":172,"msg":"Unhandled Rejection:"}
{"level":50,"time":1748426342111,"pid":172,"err":{"type":"TypeError","message":"fetch failed: getaddrinfo ENOTFOUND api.github.com","stack":"TypeError: fetch failed\n    at node:internal/deps/undici/undici:12502:13\n    at process.processTicksAndRejections (node:internal/process/task_queues:95:5)\n    at async checkForUpdates (file:///app/packages/backend/dist/utils/UpdateCheck.js:38:17)\ncaused by: Error: getaddrinfo ENOTFOUND api.github.com\n    at GetAddrInfoReqWrap.onlookupall [as oncomplete] (node:dns:120:26)"},"msg":"fetch failed"}
{"level":30,"time":1748426342217,"pid":172,"msg":"Checking for updates..."}
{"level":30,"time":1748426342342,"pid":172,"msg":"Checking for updates..."}
{"level":50,"time":1748426342363,"pid":172,"msg":"Unhandled Rejection:"}
{"level":50,"time":1748426342364,"pid":172,"err":{"type":"TypeError","message":"fetch failed: getaddrinfo ENOTFOUND api.github.com","stack":"TypeError: fetch failed\n    at node:internal/deps/undici/undici:12502:13\n    at process.processTicksAndRejections (node:internal/process/task_queues:95:5)\n    at async checkForUpdates (file:///app/packages/backend/dist/utils/UpdateCheck.js:38:17)\ncaused by: Error: getaddrinfo ENOTFOUND api.github.com\n    at GetAddrInfoReqWrap.onlookupall [as oncomplete] (node:dns:120:26)"},"msg":"fetch failed"}
{"level":50,"time":1748426342431,"pid":172,"msg":"Unhandled Rejection:"}
{"level":50,"time":1748426342432,"pid":172,"err":{"type":"TypeError","message":"fetch failed: getaddrinfo ENOTFOUND api.github.com","stack":"TypeError: fetch failed\n    at node:internal/deps/undici/undici:12502:13\n    at process.processTicksAndRejections (node:internal/process/task_queues:95:5)\n    at async checkForUpdates (file:///app/packages/backend/dist/utils/UpdateCheck.js:38:17)\ncaused by: Error: getaddrinfo ENOTFOUND api.github.com\n    at GetAddrInfoReqWrap.onlookupall [as oncomplete] (node:dns:120:26)"},"msg":"fetch failed"}
{"level":30,"time":1748426342490,"pid":172,"msg":"Checking for updates..."}
{"level":50,"time":1748426342515,"pid":172,"msg":"Unhandled Rejection:"}
{"level":50,"time":1748426342516,"pid":172,"err":{"type":"TypeError","message":"fetch failed: getaddrinfo ENOTFOUND api.github.com","stack":"TypeError: fetch failed\n    at node:internal/deps/undici/undici:12502:13\n    at process.processTicksAndRejections (node:internal/process/task_queues:95:5)\n    at async checkForUpdates (file:///app/packages/backend/dist/utils/UpdateCheck.js:38:17)\ncaused by: Error: getaddrinfo ENOTFOUND api.github.com\n    at GetAddrInfoReqWrap.onlookupall [as oncomplete] (node:dns:120:26)"},"msg":"fetch failed"}
{"level":30,"time":1748429191927,"pid":172,"msg":"Checking for updates..."}
{"level":50,"time":1748429193207,"pid":172,"msg":"Unhandled Rejection:"}
{"level":50,"time":1748429193215,"pid":172,"err":{"type":"TypeError","message":"fetch failed: getaddrinfo ENOTFOUND api.github.com","stack":"TypeError: fetch failed\n    at node:internal/deps/undici/undici:12502:13\n    at process.processTicksAndRejections (node:internal/process/task_queues:95:5)\n    at async checkForUpdates (file:///app/packages/backend/dist/utils/UpdateCheck.js:38:17)\ncaused by: Error: getaddrinfo ENOTFOUND api.github.com\n    at GetAddrInfoReqWrap.onlookupall [as oncomplete] (node:dns:120:26)"},"msg":"fetch failed"}
{"level":30,"time":1748439957742,"pid":172,"msg":"Checking for updates..."}
{"level":30,"time":1748439957845,"pid":172,"msg":"Checking for updates..."}
{"level":50,"time":1748439957886,"pid":172,"msg":"Unhandled Rejection:"}
{"level":50,"time":1748439957887,"pid":172,"err":{"type":"TypeError","message":"fetch failed: getaddrinfo ENOTFOUND api.github.com","stack":"TypeError: fetch failed\n    at node:internal/deps/undici/undici:12502:13\n    at process.processTicksAndRejections (node:internal/process/task_queues:95:5)\n    at async checkForUpdates (file:///app/packages/backend/dist/utils/UpdateCheck.js:38:17)\ncaused by: Error: getaddrinfo ENOTFOUND api.github.com\n    at GetAddrInfoReqWrap.onlookupall [as oncomplete] (node:dns:120:26)"},"msg":"fetch failed"}
{"level":50,"time":1748439957981,"pid":172,"msg":"Unhandled Rejection:"}
{"level":50,"time":1748439957982,"pid":172,"err":{"type":"TypeError","message":"fetch failed: getaddrinfo ENOTFOUND api.github.com","stack":"TypeError: fetch failed\n    at node:internal/deps/undici/undici:12502:13\n    at process.processTicksAndRejections (node:internal/process/task_queues:95:5)\n    at async checkForUpdates (file:///app/packages/backend/dist/utils/UpdateCheck.js:38:17)\ncaused by: Error: getaddrinfo ENOTFOUND api.github.com\n    at GetAddrInfoReqWrap.onlookupall [as oncomplete] (node:dns:120:26)"},"msg":"fetch failed"}
{"level":30,"time":1748439958057,"pid":172,"msg":"Checking for updates..."}
{"level":50,"time":1748439958076,"pid":172,"msg":"Unhandled Rejection:"}
{"level":50,"time":1748439958076,"pid":172,"err":{"type":"TypeError","message":"fetch failed: getaddrinfo ENOTFOUND api.github.com","stack":"TypeError: fetch failed\n    at node:internal/deps/undici/undici:12502:13\n    at process.processTicksAndRejections (node:internal/process/task_queues:95:5)\n    at async checkForUpdates (file:///app/packages/backend/dist/utils/UpdateCheck.js:38:17)\ncaused by: Error: getaddrinfo ENOTFOUND api.github.com\n    at GetAddrInfoReqWrap.onlookupall [as oncomplete] (node:dns:120:26)"},"msg":"fetch failed"}
{"level":30,"time":1748441305149,"pid":172,"msg":"Checking for updates..."}
{"level":50,"time":1748441305202,"pid":172,"msg":"Unhandled Rejection:"}
{"level":50,"time":1748441305203,"pid":172,"err":{"type":"TypeError","message":"fetch failed: getaddrinfo ENOTFOUND api.github.com","stack":"TypeError: fetch failed\n    at node:internal/deps/undici/undici:12502:13\n    at process.processTicksAndRejections (node:internal/process/task_queues:95:5)\n    at async checkForUpdates (file:///app/packages/backend/dist/utils/UpdateCheck.js:38:17)\ncaused by: Error: getaddrinfo ENOTFOUND api.github.com\n    at GetAddrInfoReqWrap.onlookupall [as oncomplete] (node:dns:120:26)"},"msg":"fetch failed"}
{"level":30,"time":1748444400120,"pid":172,"msg":"Checking for updates..."}
{"level":30,"time":1748444400358,"pid":172,"msg":"Update available: 6.4.2 -> 6.5.4"}
{"level":30,"time":1748448000009,"pid":172,"msg":"Checking for updates..."}
{"level":30,"time":1748448000287,"pid":172,"msg":"Update available: 6.4.2 -> 6.5.4"}
{"level":30,"time":1748451929999,"pid":172,"msg":"Checking for updates..."}
{"level":50,"time":1748451935020,"pid":172,"msg":"Unhandled Rejection:"}
{"level":50,"time":1748451935021,"pid":172,"err":{"type":"TypeError","message":"fetch failed: getaddrinfo EAI_AGAIN api.github.com","stack":"TypeError: fetch failed\n    at node:internal/deps/undici/undici:12502:13\n    at process.processTicksAndRejections (node:internal/process/task_queues:95:5)\n    at async checkForUpdates (file:///app/packages/backend/dist/utils/UpdateCheck.js:38:17)\ncaused by: Error: getaddrinfo EAI_AGAIN api.github.com\n    at GetAddrInfoReqWrap.onlookupall [as oncomplete] (node:dns:120:26)"},"msg":"fetch failed"}
{"level":30,"time":1748456148754,"pid":172,"msg":"Checking for updates..."}
{"level":30,"time":1748456149669,"pid":172,"msg":"Update available: 6.4.2 -> 6.5.4"}
{"level":30,"time":1748458800059,"pid":172,"msg":"Checking for updates..."}
{"level":30,"time":1748458800234,"pid":172,"msg":"Update available: 6.4.2 -> 6.5.4"}
{"level":30,"time":1748462400008,"pid":172,"msg":"Checking for updates..."}
{"level":30,"time":1748462400182,"pid":172,"msg":"Update available: 6.4.2 -> 6.5.4"}
{"level":30,"time":1748466000127,"pid":172,"msg":"Checking for updates..."}
{"level":30,"time":1748466000293,"pid":172,"msg":"Update available: 6.4.2 -> 6.5.4"}
{"level":30,"time":1748468485478,"pid":172,"method":"GET","url":"/api/user/me","statusCode":200,"responseTime":107,"ip":"192.168.65.1"}
{"level":30,"time":1748468485524,"pid":172,"method":"GET","url":"/api/albums","statusCode":200,"responseTime":28,"ip":"192.168.65.1"}
{"level":30,"time":1748476308955,"pid":172,"msg":"Checking for updates..."}
{"level":30,"time":1748476309193,"pid":172,"msg":"Checking for updates..."}
{"level":30,"time":1748476309673,"pid":172,"msg":"Update available: 6.4.2 -> 6.5.4"}
{"level":30,"time":1748476309857,"pid":172,"msg":"Update available: 6.4.2 -> 6.5.4"}
