{"level":30,"time":1748912010352,"pid":172,"msg":"Checking for updates..."}
{"level":30,"time":1748912013692,"pid":172,"msg":"Update available: 6.4.2 -> 6.5.4"}
{"level":30,"time":1748912808160,"pid":172,"msg":"Checking for updates..."}
{"level":30,"time":1748912808814,"pid":172,"msg":"Update available: 6.4.2 -> 6.5.4"}
{"level":30,"time":1748915818861,"pid":172,"method":"GET","url":"/api/health","statusCode":200,"responseTime":3,"ip":"192.168.65.1"}
{"level":30,"time":1748916000024,"pid":172,"msg":"Checking for updates..."}
{"level":30,"time":1748916000225,"pid":172,"msg":"Update available: 6.4.2 -> 6.5.4"}
{"level":30,"time":1748917253381,"pid":172,"method":"GET","url":"/api/health","statusCode":200,"responseTime":7,"ip":"192.168.65.1"}
{"level":30,"time":1748917494043,"pid":172,"method":"GET","url":"/api/health","statusCode":200,"responseTime":3,"ip":"192.168.65.1"}
{"level":30,"time":1748917654984,"pid":172,"method":"GET","url":"/api/health","statusCode":200,"responseTime":4,"ip":"192.168.65.1"}
{"level":30,"time":1748925494421,"pid":172,"msg":"Checking for updates..."}
{"level":30,"time":1748925494560,"pid":172,"msg":"Checking for updates..."}
{"level":30,"time":1748925495153,"pid":172,"msg":"Update available: 6.4.2 -> 6.5.4"}
{"level":30,"time":1748925495155,"pid":172,"msg":"Update available: 6.4.2 -> 6.5.4"}
{"level":30,"time":1748960953110,"pid":172,"msg":"Checking for updates..."}
{"level":50,"time":1748960953369,"pid":172,"msg":"Unhandled Rejection:"}
{"level":50,"time":1748960953370,"pid":172,"err":{"type":"TypeError","message":"fetch failed: getaddrinfo ENOTFOUND api.github.com","stack":"TypeError: fetch failed\n    at node:internal/deps/undici/undici:12502:13\n    at process.processTicksAndRejections (node:internal/process/task_queues:95:5)\n    at async checkForUpdates (file:///app/packages/backend/dist/utils/UpdateCheck.js:38:17)\ncaused by: Error: getaddrinfo ENOTFOUND api.github.com\n    at GetAddrInfoReqWrap.onlookupall [as oncomplete] (node:dns:120:26)"},"msg":"fetch failed"}
{"level":30,"time":1748960953447,"pid":172,"msg":"Checking for updates..."}
{"level":30,"time":1748960953513,"pid":172,"msg":"Checking for updates..."}
{"level":50,"time":1748960953519,"pid":172,"msg":"Unhandled Rejection:"}
{"level":50,"time":1748960953520,"pid":172,"err":{"type":"TypeError","message":"fetch failed: getaddrinfo ENOTFOUND api.github.com","stack":"TypeError: fetch failed\n    at node:internal/deps/undici/undici:12502:13\n    at process.processTicksAndRejections (node:internal/process/task_queues:95:5)\n    at async checkForUpdates (file:///app/packages/backend/dist/utils/UpdateCheck.js:38:17)\ncaused by: Error: getaddrinfo ENOTFOUND api.github.com\n    at GetAddrInfoReqWrap.onlookupall [as oncomplete] (node:dns:120:26)"},"msg":"fetch failed"}
{"level":50,"time":1748960953578,"pid":172,"msg":"Unhandled Rejection:"}
{"level":50,"time":1748960953579,"pid":172,"err":{"type":"TypeError","message":"fetch failed: getaddrinfo ENOTFOUND api.github.com","stack":"TypeError: fetch failed\n    at node:internal/deps/undici/undici:12502:13\n    at process.processTicksAndRejections (node:internal/process/task_queues:95:5)\n    at async checkForUpdates (file:///app/packages/backend/dist/utils/UpdateCheck.js:38:17)\ncaused by: Error: getaddrinfo ENOTFOUND api.github.com\n    at GetAddrInfoReqWrap.onlookupall [as oncomplete] (node:dns:120:26)"},"msg":"fetch failed"}
{"level":30,"time":1748960953622,"pid":172,"msg":"Checking for updates..."}
{"level":30,"time":1748960953645,"pid":172,"msg":"Checking for updates..."}
{"level":50,"time":1748960953650,"pid":172,"msg":"Unhandled Rejection:"}
{"level":50,"time":1748960953651,"pid":172,"err":{"type":"TypeError","message":"fetch failed: getaddrinfo ENOTFOUND api.github.com","stack":"TypeError: fetch failed\n    at node:internal/deps/undici/undici:12502:13\n    at process.processTicksAndRejections (node:internal/process/task_queues:95:5)\n    at async checkForUpdates (file:///app/packages/backend/dist/utils/UpdateCheck.js:38:17)\ncaused by: Error: getaddrinfo ENOTFOUND api.github.com\n    at GetAddrInfoReqWrap.onlookupall [as oncomplete] (node:dns:120:26)"},"msg":"fetch failed"}
{"level":50,"time":1748960953676,"pid":172,"msg":"Unhandled Rejection:"}
{"level":50,"time":1748960953677,"pid":172,"err":{"type":"TypeError","message":"fetch failed: getaddrinfo ENOTFOUND api.github.com","stack":"TypeError: fetch failed\n    at node:internal/deps/undici/undici:12502:13\n    at process.processTicksAndRejections (node:internal/process/task_queues:95:5)\n    at async checkForUpdates (file:///app/packages/backend/dist/utils/UpdateCheck.js:38:17)\ncaused by: Error: getaddrinfo ENOTFOUND api.github.com\n    at GetAddrInfoReqWrap.onlookupall [as oncomplete] (node:dns:120:26)"},"msg":"fetch failed"}
{"level":30,"time":1748960953708,"pid":172,"msg":"Checking for updates..."}
{"level":30,"time":1748960953724,"pid":172,"msg":"Checking for updates..."}
{"level":50,"time":1748960953729,"pid":172,"msg":"Unhandled Rejection:"}
{"level":50,"time":1748960953729,"pid":172,"err":{"type":"TypeError","message":"fetch failed: getaddrinfo ENOTFOUND api.github.com","stack":"TypeError: fetch failed\n    at node:internal/deps/undici/undici:12502:13\n    at process.processTicksAndRejections (node:internal/process/task_queues:95:5)\n    at async checkForUpdates (file:///app/packages/backend/dist/utils/UpdateCheck.js:38:17)\ncaused by: Error: getaddrinfo ENOTFOUND api.github.com\n    at GetAddrInfoReqWrap.onlookupall [as oncomplete] (node:dns:120:26)"},"msg":"fetch failed"}
{"level":50,"time":1748960953770,"pid":172,"msg":"Unhandled Rejection:"}
{"level":50,"time":1748960953771,"pid":172,"err":{"type":"TypeError","message":"fetch failed: getaddrinfo ENOTFOUND api.github.com","stack":"TypeError: fetch failed\n    at node:internal/deps/undici/undici:12502:13\n    at process.processTicksAndRejections (node:internal/process/task_queues:95:5)\n    at async checkForUpdates (file:///app/packages/backend/dist/utils/UpdateCheck.js:38:17)\ncaused by: Error: getaddrinfo ENOTFOUND api.github.com\n    at GetAddrInfoReqWrap.onlookupall [as oncomplete] (node:dns:120:26)"},"msg":"fetch failed"}
{"level":30,"time":1748960953809,"pid":172,"msg":"Checking for updates..."}
{"level":30,"time":1748960953856,"pid":172,"msg":"Checking for updates..."}
{"level":50,"time":1748960953868,"pid":172,"msg":"Unhandled Rejection:"}
{"level":50,"time":1748960953869,"pid":172,"err":{"type":"TypeError","message":"fetch failed: getaddrinfo ENOTFOUND api.github.com","stack":"TypeError: fetch failed\n    at node:internal/deps/undici/undici:12502:13\n    at process.processTicksAndRejections (node:internal/process/task_queues:95:5)\n    at async checkForUpdates (file:///app/packages/backend/dist/utils/UpdateCheck.js:38:17)\ncaused by: Error: getaddrinfo ENOTFOUND api.github.com\n    at GetAddrInfoReqWrap.onlookupall [as oncomplete] (node:dns:120:26)"},"msg":"fetch failed"}
{"level":50,"time":1748960953921,"pid":172,"msg":"Unhandled Rejection:"}
{"level":50,"time":1748960953922,"pid":172,"err":{"type":"TypeError","message":"fetch failed: getaddrinfo ENOTFOUND api.github.com","stack":"TypeError: fetch failed\n    at node:internal/deps/undici/undici:12502:13\n    at process.processTicksAndRejections (node:internal/process/task_queues:95:5)\n    at async checkForUpdates (file:///app/packages/backend/dist/utils/UpdateCheck.js:38:17)\ncaused by: Error: getaddrinfo ENOTFOUND api.github.com\n    at GetAddrInfoReqWrap.onlookupall [as oncomplete] (node:dns:120:26)"},"msg":"fetch failed"}
{"level":30,"time":1748960954026,"pid":172,"msg":"Checking for updates..."}
{"level":50,"time":1748960954078,"pid":172,"msg":"Unhandled Rejection:"}
{"level":50,"time":1748960954078,"pid":172,"err":{"type":"TypeError","message":"fetch failed: getaddrinfo ENOTFOUND api.github.com","stack":"TypeError: fetch failed\n    at node:internal/deps/undici/undici:12502:13\n    at process.processTicksAndRejections (node:internal/process/task_queues:95:5)\n    at async checkForUpdates (file:///app/packages/backend/dist/utils/UpdateCheck.js:38:17)\ncaused by: Error: getaddrinfo ENOTFOUND api.github.com\n    at GetAddrInfoReqWrap.onlookupall [as oncomplete] (node:dns:120:26)"},"msg":"fetch failed"}
{"level":30,"time":1748964615317,"pid":172,"msg":"Checking for updates..."}
{"level":50,"time":1748964615938,"pid":172,"msg":"Unhandled Rejection:"}
{"level":50,"time":1748964615939,"pid":172,"err":{"type":"TypeError","message":"fetch failed: getaddrinfo ENOTFOUND api.github.com","stack":"TypeError: fetch failed\n    at node:internal/deps/undici/undici:12502:13\n    at process.processTicksAndRejections (node:internal/process/task_queues:95:5)\n    at async checkForUpdates (file:///app/packages/backend/dist/utils/UpdateCheck.js:38:17)\ncaused by: Error: getaddrinfo ENOTFOUND api.github.com\n    at GetAddrInfoReqWrap.onlookupall [as oncomplete] (node:dns:120:26)"},"msg":"fetch failed"}
{"level":30,"time":1748968277794,"pid":172,"msg":"Checking for updates..."}
{"level":50,"time":1748968277816,"pid":172,"msg":"Unhandled Rejection:"}
{"level":50,"time":1748968277816,"pid":172,"err":{"type":"TypeError","message":"fetch failed: getaddrinfo ENOTFOUND api.github.com","stack":"TypeError: fetch failed\n    at node:internal/deps/undici/undici:12502:13\n    at process.processTicksAndRejections (node:internal/process/task_queues:95:5)\n    at async checkForUpdates (file:///app/packages/backend/dist/utils/UpdateCheck.js:38:17)\ncaused by: Error: getaddrinfo ENOTFOUND api.github.com\n    at GetAddrInfoReqWrap.onlookupall [as oncomplete] (node:dns:120:26)"},"msg":"fetch failed"}
{"level":30,"time":1748971939319,"pid":172,"msg":"Checking for updates..."}
{"level":50,"time":1748971939614,"pid":172,"msg":"Unhandled Rejection:"}
{"level":50,"time":1748971939615,"pid":172,"err":{"type":"TypeError","message":"fetch failed: getaddrinfo ENOTFOUND api.github.com","stack":"TypeError: fetch failed\n    at node:internal/deps/undici/undici:12502:13\n    at process.processTicksAndRejections (node:internal/process/task_queues:95:5)\n    at async checkForUpdates (file:///app/packages/backend/dist/utils/UpdateCheck.js:38:17)\ncaused by: Error: getaddrinfo ENOTFOUND api.github.com\n    at GetAddrInfoReqWrap.onlookupall [as oncomplete] (node:dns:120:26)"},"msg":"fetch failed"}
{"level":30,"time":1748975600755,"pid":172,"msg":"Checking for updates..."}
{"level":50,"time":1748975600776,"pid":172,"msg":"Unhandled Rejection:"}
{"level":50,"time":1748975600777,"pid":172,"err":{"type":"TypeError","message":"fetch failed: getaddrinfo ENOTFOUND api.github.com","stack":"TypeError: fetch failed\n    at node:internal/deps/undici/undici:12502:13\n    at process.processTicksAndRejections (node:internal/process/task_queues:95:5)\n    at async checkForUpdates (file:///app/packages/backend/dist/utils/UpdateCheck.js:38:17)\ncaused by: Error: getaddrinfo ENOTFOUND api.github.com\n    at GetAddrInfoReqWrap.onlookupall [as oncomplete] (node:dns:120:26)"},"msg":"fetch failed"}
{"level":30,"time":1748979261321,"pid":172,"msg":"Checking for updates..."}
{"level":50,"time":1748979261789,"pid":172,"msg":"Unhandled Rejection:"}
{"level":50,"time":1748979261791,"pid":172,"err":{"type":"TypeError","message":"fetch failed: getaddrinfo ENOTFOUND api.github.com","stack":"TypeError: fetch failed\n    at node:internal/deps/undici/undici:12502:13\n    at process.processTicksAndRejections (node:internal/process/task_queues:95:5)\n    at async checkForUpdates (file:///app/packages/backend/dist/utils/UpdateCheck.js:38:17)\ncaused by: Error: getaddrinfo ENOTFOUND api.github.com\n    at GetAddrInfoReqWrap.onlookupall [as oncomplete] (node:dns:120:26)"},"msg":"fetch failed"}
{"level":30,"time":1748982923746,"pid":172,"msg":"Checking for updates..."}
{"level":50,"time":1748982923820,"pid":172,"msg":"Unhandled Rejection:"}
{"level":50,"time":1748982923820,"pid":172,"err":{"type":"TypeError","message":"fetch failed: getaddrinfo ENOTFOUND api.github.com","stack":"TypeError: fetch failed\n    at node:internal/deps/undici/undici:12502:13\n    at process.processTicksAndRejections (node:internal/process/task_queues:95:5)\n    at async checkForUpdates (file:///app/packages/backend/dist/utils/UpdateCheck.js:38:17)\ncaused by: Error: getaddrinfo ENOTFOUND api.github.com\n    at GetAddrInfoReqWrap.onlookupall [as oncomplete] (node:dns:120:26)"},"msg":"fetch failed"}
{"level":30,"time":1748986584326,"pid":172,"msg":"Checking for updates..."}
{"level":50,"time":1748986584883,"pid":172,"msg":"Unhandled Rejection:"}
{"level":50,"time":1748986584883,"pid":172,"err":{"type":"TypeError","message":"fetch failed: getaddrinfo ENOTFOUND api.github.com","stack":"TypeError: fetch failed\n    at node:internal/deps/undici/undici:12502:13\n    at process.processTicksAndRejections (node:internal/process/task_queues:95:5)\n    at async checkForUpdates (file:///app/packages/backend/dist/utils/UpdateCheck.js:38:17)\ncaused by: Error: getaddrinfo ENOTFOUND api.github.com\n    at GetAddrInfoReqWrap.onlookupall [as oncomplete] (node:dns:120:26)"},"msg":"fetch failed"}
{"level":30,"time":1748990246229,"pid":172,"msg":"Checking for updates..."}
{"level":50,"time":1748990247511,"pid":172,"msg":"Unhandled Rejection:"}
{"level":50,"time":1748990247512,"pid":172,"err":{"type":"TypeError","message":"fetch failed: getaddrinfo ENOTFOUND api.github.com","stack":"TypeError: fetch failed\n    at node:internal/deps/undici/undici:12502:13\n    at process.processTicksAndRejections (node:internal/process/task_queues:95:5)\n    at async checkForUpdates (file:///app/packages/backend/dist/utils/UpdateCheck.js:38:17)\ncaused by: Error: getaddrinfo ENOTFOUND api.github.com\n    at GetAddrInfoReqWrap.onlookupall [as oncomplete] (node:dns:120:26)"},"msg":"fetch failed"}
{"level":30,"time":1748993906808,"pid":172,"msg":"Checking for updates..."}
{"level":50,"time":1748993907383,"pid":172,"msg":"Unhandled Rejection:"}
{"level":50,"time":1748993907387,"pid":172,"err":{"type":"TypeError","message":"fetch failed: getaddrinfo ENOTFOUND api.github.com","stack":"TypeError: fetch failed\n    at node:internal/deps/undici/undici:12502:13\n    at process.processTicksAndRejections (node:internal/process/task_queues:95:5)\n    at async checkForUpdates (file:///app/packages/backend/dist/utils/UpdateCheck.js:38:17)\ncaused by: Error: getaddrinfo ENOTFOUND api.github.com\n    at GetAddrInfoReqWrap.onlookupall [as oncomplete] (node:dns:120:26)"},"msg":"fetch failed"}
